This is pdfTeX, Version 3.141592653-2.6-1.40.23 (TeX Live 2022/dev) (preloaded format=pdflatex 2022.3.15)  25 APR 2022 12:03
entering extended mode
 restricted \write18 enabled.
 %&-line parsing enabled.
**TripleR-knitr.tex
(./TripleR-knitr.tex
LaTeX2e <2021-11-15> patch level 1
L3 programming layer <2022-02-24>
(/Users/felix/Library/TinyTeX/texmf-dist/tex/latex/base/article.cls
Document Class: article 2021/10/04 v1.4n Standard LaTeX document class
(/Users/felix/Library/TinyTeX/texmf-dist/tex/latex/base/size10.clo
File: size10.clo 2021/10/04 v1.4n Standard LaTeX file (size option)
)
\c@part=\count185
\c@section=\count186
\c@subsection=\count187
\c@subsubsection=\count188
\c@paragraph=\count189
\c@subparagraph=\count190
\c@figure=\count191
\c@table=\count192
\abovecaptionskip=\skip47
\belowcaptionskip=\skip48
\bibindent=\dimen138
)
(/Users/felix/Library/TinyTeX/texmf-dist/tex/latex/graphics/graphicx.sty
Package: graphicx 2021/09/16 v1.2d Enhanced LaTeX Graphics (DPC,SPQR)

(/Users/felix/Library/TinyTeX/texmf-dist/tex/latex/graphics/keyval.sty
Package: keyval 2014/10/28 v1.15 key=value parser (DPC)
\KV@toks@=\toks16
)
(/Users/felix/Library/TinyTeX/texmf-dist/tex/latex/graphics/graphics.sty
Package: graphics 2021/03/04 v1.4d Standard LaTeX Graphics (DPC,SPQR)

(/Users/felix/Library/TinyTeX/texmf-dist/tex/latex/graphics/trig.sty
Package: trig 2021/08/11 v1.11 sin cos tan (DPC)
)
(/Users/felix/Library/TinyTeX/texmf-dist/tex/latex/graphics-cfg/graphics.cfg
File: graphics.cfg 2016/06/04 v1.11 sample graphics configuration
)
Package graphics Info: Driver file: pdftex.def on input line 107.

(/Users/felix/Library/TinyTeX/texmf-dist/tex/latex/graphics-def/pdftex.def
File: pdftex.def 2020/10/05 v1.2a Graphics/color driver for pdftex
))
\Gin@req@height=\dimen139
\Gin@req@width=\dimen140
)
(/Users/felix/Library/TinyTeX/texmf-dist/tex/latex/graphics/color.sty
Package: color 2021/12/07 v1.3c Standard LaTeX Color (DPC)

(/Users/felix/Library/TinyTeX/texmf-dist/tex/latex/graphics-cfg/color.cfg
File: color.cfg 2016/01/02 v1.6 sample color configuration
)
Package color Info: Driver file: pdftex.def on input line 149.
)
(/Users/felix/Library/TinyTeX/texmf-dist/tex/latex/framed/framed.sty
Package: framed 2011/10/22 v 0.96: framed or shaded text with page breaks
\OuterFrameSep=\skip49
\fb@frw=\dimen141
\fb@frh=\dimen142
\FrameRule=\dimen143
\FrameSep=\dimen144
)
(/Users/felix/Library/TinyTeX/texmf-dist/tex/latex/base/alltt.sty
Package: alltt 2021/01/29 v2.0g defines alltt environment
)
(/Users/felix/Library/TinyTeX/texmf-dist/tex/generic/babel/babel.sty
Package: babel 2022/02/26 3.73 The Babel package
\babel@savecnt=\count193
\U@D=\dimen145
\l@unhyphenated=\language87

(/Users/felix/Library/TinyTeX/texmf-dist/tex/generic/babel/txtbabel.def)
\bbl@readstream=\read2
\bbl@dirlevel=\count194

(/Users/felix/Library/TinyTeX/texmf-dist/tex/generic/babel-english/american.ldf
Language: american 2017/06/06 v3.3r English support from the babel system
(/Users/felix/Library/TinyTeX/texmf-dist/tex/generic/babel-english/english.ldf
Language: english 2017/06/06 v3.3r English support from the babel system
Package babel Info: Hyphen rules for 'canadian' set to \l@english
(babel)             (\language0). Reported on input line 102.
Package babel Info: Hyphen rules for 'australian' set to \l@ukenglish
(babel)             (\language21). Reported on input line 105.
Package babel Info: Hyphen rules for 'newzealand' set to \l@ukenglish
(babel)             (\language21). Reported on input line 108.
))) (/Users/felix/Library/TinyTeX/texmf-dist/tex/latex/base/fontenc.sty
Package: fontenc 2021/04/29 v2.0v Standard LaTeX package
)
(/Users/felix/Library/TinyTeX/texmf-dist/tex/latex/base/inputenc.sty
Package: inputenc 2021/02/14 v1.3d Input encoding file
\inpenc@prehook=\toks17
\inpenc@posthook=\toks18
)
(/Users/felix/Library/TinyTeX/texmf-dist/tex/latex/tabulary/tabulary.sty
Package: tabulary 2014/06/11 v0.10 tabulary package (DPC)

(/Users/felix/Library/TinyTeX/texmf-dist/tex/latex/tools/array.sty
Package: array 2021/10/04 v2.5f Tabular extension package (FMi)
\col@sep=\dimen146
\ar@mcellbox=\box50
\extrarowheight=\dimen147
\NC@list=\toks19
\extratabsurround=\skip50
\backup@length=\skip51
\ar@cellbox=\box51
)
\TY@count=\count195
\TY@linewidth=\dimen148
\tymin=\dimen149
\tymax=\dimen150
\TY@tablewidth=\dimen151
)
(/Users/felix/Library/TinyTeX/texmf-dist/tex/latex/tocloft/tocloft.sty
Package: tocloft 2017/08/31 v2.3i parameterised ToC, etc., typesetting
Package tocloft Info: The document has section divisions on input line 51.
\cftparskip=\skip52
\cftbeforetoctitleskip=\skip53
\cftaftertoctitleskip=\skip54
\cftbeforepartskip=\skip55
\cftpartnumwidth=\skip56
\cftpartindent=\skip57
\cftbeforesecskip=\skip58
\cftsecindent=\skip59
\cftsecnumwidth=\skip60
\cftbeforesubsecskip=\skip61
\cftsubsecindent=\skip62
\cftsubsecnumwidth=\skip63
\cftbeforesubsubsecskip=\skip64
\cftsubsubsecindent=\skip65
\cftsubsubsecnumwidth=\skip66
\cftbeforeparaskip=\skip67
\cftparaindent=\skip68
\cftparanumwidth=\skip69
\cftbeforesubparaskip=\skip70
\cftsubparaindent=\skip71
\cftsubparanumwidth=\skip72
\cftbeforeloftitleskip=\skip73
\cftafterloftitleskip=\skip74
\cftbeforefigskip=\skip75
\cftfigindent=\skip76
\cftfignumwidth=\skip77
\c@lofdepth=\count196
\c@lotdepth=\count197
\cftbeforelottitleskip=\skip78
\cftafterlottitleskip=\skip79
\cftbeforetabskip=\skip80
\cfttabindent=\skip81
\cfttabnumwidth=\skip82
)
(/Users/felix/Library/TinyTeX/texmf-dist/tex/latex/relsize/relsize.sty
Package: relsize 2013/03/29 ver 4.1
)
(/Users/felix/Library/TinyTeX/texmf-dist/tex/latex/hyperref/hyperref.sty
Package: hyperref 2022-02-21 v7.00n Hypertext links for LaTeX

(/Users/felix/Library/TinyTeX/texmf-dist/tex/generic/ltxcmds/ltxcmds.sty
Package: ltxcmds 2020-05-10 v1.25 LaTeX kernel commands for general use (HO)
)
(/Users/felix/Library/TinyTeX/texmf-dist/tex/generic/iftex/iftex.sty
Package: iftex 2022/02/03 v1.0f TeX engine tests
)
(/Users/felix/Library/TinyTeX/texmf-dist/tex/generic/pdftexcmds/pdftexcmds.sty
Package: pdftexcmds 2020-06-27 v0.33 Utility functions of pdfTeX for LuaTeX (HO
)

(/Users/felix/Library/TinyTeX/texmf-dist/tex/generic/infwarerr/infwarerr.sty
Package: infwarerr 2019/12/03 v1.5 Providing info/warning/error messages (HO)
)
Package pdftexcmds Info: \pdf@primitive is available.
Package pdftexcmds Info: \pdf@ifprimitive is available.
Package pdftexcmds Info: \pdfdraftmode found.
)
(/Users/felix/Library/TinyTeX/texmf-dist/tex/generic/kvsetkeys/kvsetkeys.sty
Package: kvsetkeys 2019/12/15 v1.18 Key value parser (HO)
)
(/Users/felix/Library/TinyTeX/texmf-dist/tex/generic/kvdefinekeys/kvdefinekeys.
sty
Package: kvdefinekeys 2019-12-19 v1.6 Define keys (HO)
)
(/Users/felix/Library/TinyTeX/texmf-dist/tex/generic/pdfescape/pdfescape.sty
Package: pdfescape 2019/12/09 v1.15 Implements pdfTeX's escape features (HO)
)
(/Users/felix/Library/TinyTeX/texmf-dist/tex/latex/hycolor/hycolor.sty
Package: hycolor 2020-01-27 v1.10 Color options for hyperref/bookmark (HO)
)
(/Users/felix/Library/TinyTeX/texmf-dist/tex/latex/letltxmacro/letltxmacro.sty
Package: letltxmacro 2019/12/03 v1.6 Let assignment for LaTeX macros (HO)
) (/Users/felix/Library/TinyTeX/texmf-dist/tex/latex/auxhook/auxhook.sty
Package: auxhook 2019-12-17 v1.6 Hooks for auxiliary files (HO)
)
(/Users/felix/Library/TinyTeX/texmf-dist/tex/latex/kvoptions/kvoptions.sty
Package: kvoptions 2020-10-07 v3.14 Key value format for package options (HO)
)
\@linkdim=\dimen152
\Hy@linkcounter=\count198
\Hy@pagecounter=\count199

(/Users/felix/Library/TinyTeX/texmf-dist/tex/latex/hyperref/pd1enc.def
File: pd1enc.def 2022-02-21 v7.00n Hyperref: PDFDocEncoding definition (HO)
Now handling font encoding PD1 ...
... no UTF-8 mapping file for font encoding PD1
)
(/Users/felix/Library/TinyTeX/texmf-dist/tex/generic/intcalc/intcalc.sty
Package: intcalc 2019/12/15 v1.3 Expandable calculations with integers (HO)
)
(/Users/felix/Library/TinyTeX/texmf-dist/tex/generic/etexcmds/etexcmds.sty
Package: etexcmds 2019/12/15 v1.7 Avoid name clashes with e-TeX commands (HO)
)
\Hy@SavedSpaceFactor=\count266

(/Users/felix/Library/TinyTeX/texmf-dist/tex/latex/hyperref/puenc.def
File: puenc.def 2022-02-21 v7.00n Hyperref: PDF Unicode definition (HO)
Now handling font encoding PU ...
... no UTF-8 mapping file for font encoding PU
)
Package hyperref Info: Hyper figures OFF on input line 4137.
Package hyperref Info: Link nesting OFF on input line 4142.
Package hyperref Info: Hyper index ON on input line 4145.
Package hyperref Info: Plain pages OFF on input line 4152.
Package hyperref Info: Backreferencing OFF on input line 4157.
Package hyperref Info: Implicit mode ON; LaTeX internals redefined.
Package hyperref Info: Bookmarks ON on input line 4390.
\c@Hy@tempcnt=\count267

(/Users/felix/Library/TinyTeX/texmf-dist/tex/latex/url/url.sty
\Urlmuskip=\muskip16
Package: url 2013/09/16  ver 3.4  Verb mode for urls, etc.
)
LaTeX Info: Redefining \url on input line 4749.
\XeTeXLinkMargin=\dimen153

(/Users/felix/Library/TinyTeX/texmf-dist/tex/generic/bitset/bitset.sty
Package: bitset 2019/12/09 v1.3 Handle bit-vector datatype (HO)

(/Users/felix/Library/TinyTeX/texmf-dist/tex/generic/bigintcalc/bigintcalc.sty
Package: bigintcalc 2019/12/15 v1.5 Expandable calculations on big integers (HO
)
))
\Fld@menulength=\count268
\Field@Width=\dimen154
\Fld@charsize=\dimen155
Package hyperref Info: Hyper figures OFF on input line 6027.
Package hyperref Info: Link nesting OFF on input line 6032.
Package hyperref Info: Hyper index ON on input line 6035.
Package hyperref Info: backreferencing OFF on input line 6042.
Package hyperref Info: Link coloring OFF on input line 6047.
Package hyperref Info: Link coloring with OCG OFF on input line 6052.
Package hyperref Info: PDF/A mode OFF on input line 6057.
LaTeX Info: Redefining \ref on input line 6097.
LaTeX Info: Redefining \pageref on input line 6101.
 (/Users/felix/Library/TinyTeX/texmf-dist/tex/latex/base/atbegshi-ltx.sty
Package: atbegshi-ltx 2021/01/10 v1.0c Emulation of the original atbegshi
package with kernel methods
)
\Hy@abspage=\count269
\c@Item=\count270
\c@Hfootnote=\count271
)
Package hyperref Info: Driver (autodetected): hpdftex.

(/Users/felix/Library/TinyTeX/texmf-dist/tex/latex/hyperref/hpdftex.def
File: hpdftex.def 2022-02-21 v7.00n Hyperref driver for pdfTeX

(/Users/felix/Library/TinyTeX/texmf-dist/tex/latex/base/atveryend-ltx.sty
Package: atveryend-ltx 2020/08/19 v1.0a Emulation of the original atveryend pac
kage
with kernel methods
)
\Fld@listcount=\count272
\c@bookmark@seq@number=\count273

(/Users/felix/Library/TinyTeX/texmf-dist/tex/latex/rerunfilecheck/rerunfilechec
k.sty
Package: rerunfilecheck 2019/12/05 v1.9 Rerun checks for auxiliary files (HO)

(/Users/felix/Library/TinyTeX/texmf-dist/tex/generic/uniquecounter/uniquecounte
r.sty
Package: uniquecounter 2019/12/15 v1.4 Provide unlimited unique counter (HO)
)
Package uniquecounter Info: New unique counter `rerunfilecheck' on input line 2
86.
)
\Hy@SectionHShift=\skip83
) (./apacite.sty
Package: apacite 2009/03/01 v4.05 APA citation
\c@BibCnt=\count274
\bibleftmargin=\skip84
\bibindent=\skip85
\bibparsep=\skip86
\bibitemsep=\skip87
)
(/Users/felix/Library/TinyTeX/texmf-dist/tex/latex/geometry/geometry.sty
Package: geometry 2020/01/02 v5.9 Page Geometry

(/Users/felix/Library/TinyTeX/texmf-dist/tex/generic/iftex/ifvtex.sty
Package: ifvtex 2019/10/25 v1.7 ifvtex legacy package. Use iftex instead.
)
\Gm@cnth=\count275
\Gm@cntv=\count276
\c@Gm@tempcnt=\count277
\Gm@bindingoffset=\dimen156
\Gm@wd@mp=\dimen157
\Gm@odd@mp=\dimen158
\Gm@even@mp=\dimen159
\Gm@layoutwidth=\dimen160
\Gm@layoutheight=\dimen161
\Gm@layouthoffset=\dimen162
\Gm@layoutvoffset=\dimen163
\Gm@dimlist=\toks20
)
Package hyperref Info: Option `linktocpage' set `true' on input line 76.
Package hyperref Info: Option `colorlinks' set `true' on input line 83.

(/Users/felix/Library/TinyTeX/texmf-dist/tex/latex/upquote/upquote.sty
Package: upquote 2012/04/19 v1.3 upright-quote and grave-accent glyphs in verba
tim

(/Users/felix/Library/TinyTeX/texmf-dist/tex/latex/base/textcomp.sty
Package: textcomp 2020/02/02 v2.0n Standard LaTeX package
))
(/Users/felix/Library/TinyTeX/texmf-dist/tex/latex/l3backend/l3backend-pdftex.d
ef
File: l3backend-pdftex.def 2022-02-07 L3 backend support: PDF output (pdfTeX)
\l__color_backend_stack_int=\count278
\l__pdf_internal_box=\box52
) (./TripleR-knitr.aux)
\openout1 = `TripleR-knitr.aux'.

LaTeX Font Info:    Checking defaults for OML/cmm/m/it on input line 109.
LaTeX Font Info:    ... okay on input line 109.
LaTeX Font Info:    Checking defaults for OMS/cmsy/m/n on input line 109.
LaTeX Font Info:    ... okay on input line 109.
LaTeX Font Info:    Checking defaults for OT1/cmr/m/n on input line 109.
LaTeX Font Info:    ... okay on input line 109.
LaTeX Font Info:    Checking defaults for T1/cmr/m/n on input line 109.
LaTeX Font Info:    ... okay on input line 109.
LaTeX Font Info:    Checking defaults for TS1/cmr/m/n on input line 109.
LaTeX Font Info:    ... okay on input line 109.
LaTeX Font Info:    Checking defaults for OMX/cmex/m/n on input line 109.
LaTeX Font Info:    ... okay on input line 109.
LaTeX Font Info:    Checking defaults for U/cmr/m/n on input line 109.
LaTeX Font Info:    ... okay on input line 109.
LaTeX Font Info:    Checking defaults for PD1/pdf/m/n on input line 109.
LaTeX Font Info:    ... okay on input line 109.
LaTeX Font Info:    Checking defaults for PU/pdf/m/n on input line 109.
LaTeX Font Info:    ... okay on input line 109.

(/Users/felix/Library/TinyTeX/texmf-dist/tex/context/base/mkii/supp-pdf.mkii
[Loading MPS to PDF converter (version 2006.09.02).]
\scratchcounter=\count279
\scratchdimen=\dimen164
\scratchbox=\box53
\nofMPsegments=\count280
\nofMParguments=\count281
\everyMPshowfont=\toks21
\MPscratchCnt=\count282
\MPscratchDim=\dimen165
\MPnumerator=\count283
\makeMPintoPDFobject=\count284
\everyMPtoPDFconversion=\toks22
)
(/Users/felix/Library/TinyTeX/texmf-dist/tex/latex/epstopdf-pkg/epstopdf-base.s
ty
Package: epstopdf-base 2020-01-24 v2.11 Base part for package epstopdf
Package epstopdf-base Info: Redefining graphics rule for `.eps' on input line 4
85.

(/Users/felix/Library/TinyTeX/texmf-dist/tex/latex/latexconfig/epstopdf-sys.cfg
File: epstopdf-sys.cfg 2010/07/13 v1.3 Configuration of (r)epstopdf for TeX Liv
e
))
Package hyperref Info: Link coloring ON on input line 109.
 (/Users/felix/Library/TinyTeX/texmf-dist/tex/latex/hyperref/nameref.sty
Package: nameref 2021-04-02 v2.47 Cross-referencing by name of section

(/Users/felix/Library/TinyTeX/texmf-dist/tex/latex/refcount/refcount.sty
Package: refcount 2019/12/15 v3.6 Data extraction from label references (HO)
)
(/Users/felix/Library/TinyTeX/texmf-dist/tex/generic/gettitlestring/gettitlestr
ing.sty
Package: gettitlestring 2019/12/15 v1.6 Cleanup title references (HO)
)
\c@section@level=\count285
)
LaTeX Info: Redefining \ref on input line 109.
LaTeX Info: Redefining \pageref on input line 109.
LaTeX Info: Redefining \nameref on input line 109.
 (./TripleR-knitr.out) (./TripleR-knitr.out)
\@outlinefile=\write3
\openout3 = `TripleR-knitr.out'.


(/Users/felix/Library/TinyTeX/texmf-dist/tex/latex/apacite/english.apc
File: english.apc 2013/07/21 v6.03 apacite language file


! LaTeX Error: Command \onemaskedcitationmsg undefined.

See the LaTeX manual or LaTeX Companion for explanation.
Type  H <return>  for immediate help.
 ...                                              
                                                  
l.55 \renewcommand{\onemaskedcitationmsg}
                                         [1]{%
Try typing  <return>  to proceed.
If that doesn't work, type  X <return>  to quit.


! LaTeX Error: Command \maskedcitationsmsg undefined.

See the LaTeX manual or LaTeX Companion for explanation.
Type  H <return>  for immediate help.
 ...                                              
                                                  
l.57 \renewcommand{\maskedcitationsmsg}
                                       [1]{%
Try typing  <return>  to proceed.
If that doesn't work, type  X <return>  to quit.


! LaTeX Error: Command \BRetrievedFrom undefined.

See the LaTeX manual or LaTeX Companion for explanation.
Type  H <return>  for immediate help.
 ...                                              
                                                  
l.118 \renewcommand{\BRetrievedFrom}
                                    {Retrieved from\ }% Websites; note the s...

Try typing  <return>  to proceed.
If that doesn't work, type  X <return>  to quit.

LaTeX Info: Redefining \BPBI on input line 129.
LaTeX Info: Redefining \BHBI on input line 130.
! Undefined control sequence.
l.140 \if@APAC@natbib@apa
                         
The control sequence at the end of the top line
of your error message was never \def'ed. If you have
misspelled it (e.g., `\hobx'), type `I' and the correct
spelling (e.g., `I\hbox'). Otherwise just continue,
and I'll forget about whatever was undefined.

)
! Extra \fi.
<argument> ...\let \APAC@apcfile \@undefined }\fi 
                                                  \let \APAC@tmp \@undefined 
l.109 \begin{document}
                      	
I'm ignoring this; it doesn't match any \if.

*geometry* driver: auto-detecting
*geometry* detected driver: pdftex

Package geometry Warning: The marginal notes overrun the paper.
     Add 25.32088pt and more to the right margin.

*geometry* verbose mode - [ preamble ] result:
* driver: pdftex
* paper: a4paper
* layout: <same size as paper>
* layoutoffset:(h,v)=(0.0pt,0.0pt)
* modes: 
* h-part:(L,W,R)=(42.67912pt, 512.14963pt, 42.67912pt)
* v-part:(T,H,B)=(56.9055pt, 731.23584pt, 56.9055pt)
* \paperwidth=597.50787pt
* \paperheight=845.04684pt
* \textwidth=512.14963pt
* \textheight=731.23584pt
* \oddsidemargin=-29.59087pt
* \evensidemargin=-29.59087pt
* \topmargin=-52.36449pt
* \headheight=12.0pt
* \headsep=25.0pt
* \topskip=10.0pt
* \footskip=30.0pt
* \marginparwidth=57.0pt
* \marginparsep=11.0pt
* \columnsep=10.0pt
* \skip\footins=9.0pt plus 4.0pt minus 2.0pt
* \hoffset=0.0pt
* \voffset=0.0pt
* \mag=1000
* \@twocolumnfalse
* \@twosidefalse
* \@mparswitchfalse
* \@reversemarginfalse
* (1in=72.27pt=25.4mm, 1cm=28.453pt)

LaTeX Font Info:    External font `cmex10' loaded for size
(Font)              <12> on input line 111.
LaTeX Font Info:    External font `cmex10' loaded for size
(Font)              <8> on input line 111.
LaTeX Font Info:    External font `cmex10' loaded for size
(Font)              <6> on input line 111.
LaTeX Font Info:    External font `cmex10' loaded for size
(Font)              <5> on input line 111.
(./TripleR-knitr.toc
LaTeX Font Info:    External font `cmex10' loaded for size
(Font)              <7> on input line 2.
)
\tf@toc=\write4
\openout4 = `TripleR-knitr.toc'.

 [1

{/Users/felix/Library/TinyTeX/texmf-var/fonts/map/pdftex/updmap/pdftex.map}]
LaTeX Font Info:    Trying to load font information for T1+cmtt on input line 1
25.

(/Users/felix/Library/TinyTeX/texmf-dist/tex/latex/base/t1cmtt.fd
File: t1cmtt.fd 2019/12/16 v2.5j Standard LaTeX font definitions
)
Package color Info: Redefining color shadecolor on input line 139.
Package color Info: Redefining color shadecolor on input line 158.
 [2

]
Package color Info: Redefining color shadecolor on input line 205.
 [3]
Package color Info: Redefining color shadecolor on input line 276.
LaTeX Font Info:    Font shape `T1/cmtt/bx/n' in size <9> not available
(Font)              Font shape `T1/cmtt/m/n' tried instead on input line 279.
Package color Info: Redefining color shadecolor on input line 287.
Package color Info: Redefining color shadecolor on input line 296.
Package color Info: Redefining color shadecolor on input line 308.

[4]
LaTeX Font Info:    Trying to load font information for TS1+cmtt on input line 
312.
 (/Users/felix/Library/TinyTeX/texmf-dist/tex/latex/base/ts1cmtt.fd
File: ts1cmtt.fd 2019/12/16 v2.5j Standard LaTeX font definitions
)
Package color Info: Redefining color shadecolor on input line 353.

[5]
Package color Info: Redefining color shadecolor on input line 405.
 [6]
Package color Info: Redefining color shadecolor on input line 443.
Package color Info: Redefining color shadecolor on input line 483.
 [7]
Package color Info: Redefining color shadecolor on input line 547.
 [8]
Package color Info: Redefining color shadecolor on input line 642.

Overfull \hbox (7.47348pt too wide) in paragraph at lines 649--650
[]\T1/cmtt/m/n/9 ## Warning: ex :  4  participant(s) have been excluded from gr
oup 2 due to exceedingly missing data; id(s) =
 []


Overfull \hbox (7.47348pt too wide) in paragraph at lines 651--652
[]\T1/cmtt/m/n/9 ## Warning: ex :  3  participant(s) have been excluded from gr
oup 5 due to exceedingly missing data; id(s) =
 []


Overfull \hbox (7.47348pt too wide) in paragraph at lines 653--654
[]\T1/cmtt/m/n/9 ## Warning: ex :  4  participant(s) have been excluded from gr
oup 6 due to exceedingly missing data; id(s) =
 []


Overfull \hbox (7.47348pt too wide) in paragraph at lines 655--656
[]\T1/cmtt/m/n/9 ## Warning: ex :  1  participant(s) have been excluded from gr
oup 8 due to exceedingly missing data; id(s) =
 []


Overfull \hbox (7.47348pt too wide) in paragraph at lines 657--658
[]\T1/cmtt/m/n/9 ## Warning: ex :  1  participant(s) have been excluded from gr
oup 9 due to exceedingly missing data; id(s) =
 []


Overfull \hbox (2.74963pt too wide) in paragraph at lines 659--660
[]\T1/cmtt/m/n/9 ## Warning: ex :  1  participant(s) have been excluded from gr
oup 12 due to exceedingly missing data; id(s)
 []


Overfull \hbox (2.74963pt too wide) in paragraph at lines 661--662
[]\T1/cmtt/m/n/9 ## Warning: ex :  6  participant(s) have been excluded from gr
oup 14 due to exceedingly missing data; id(s)
 []


Overfull \hbox (2.74963pt too wide) in paragraph at lines 663--664
[]\T1/cmtt/m/n/9 ## Warning: ex :  4  participant(s) have been excluded from gr
oup 18 due to exceedingly missing data; id(s)
 []


Overfull \hbox (2.74963pt too wide) in paragraph at lines 665--665
[]\T1/cmtt/m/n/9 ## Warning: ex :  4  participant(s) have been excluded from gr
oup 20 due to exceedingly missing data; id(s)
 []


Overfull \hbox (158.63657pt too wide) in paragraph at lines 692--692
[]\T1/cmtt/m/n/9 ## Univariate analysis of one round robin variable in multiple
 groups (significance test based on Lashley & Bond, 1997, Psychological Methods
)[] 
 []

[9]
Package color Info: Redefining color shadecolor on input line 715.
<Sweave-Files/Sw_unnamed-chunk-16-1.pdf, id=222, 505.89pt x 505.89pt>
File: Sweave-Files/Sw_unnamed-chunk-16-1.pdf Graphic file (type pdf)
<use Sweave-Files/Sw_unnamed-chunk-16-1.pdf>
Package pdftex.def Info: Sweave-Files/Sw_unnamed-chunk-16-1.pdf  used on input 
line 720.
(pdftex.def)             Requested size: 505.88875pt x 505.89645pt.
 [10] [11 <./Sweave-Files/Sw_unnamed-chunk-16-1.pdf>]
Package color Info: Redefining color shadecolor on input line 757.
Package color Info: Redefining color shadecolor on input line 785.

Overfull \hbox (21.64502pt too wide) in paragraph at lines 842--842
[]\T1/cmtt/m/n/9 ##   ..$ type        : chr [1:6] "actor variance" "partner var
iance" "relationship variance" "error variance" ...[] 
 []

[12]
Package color Info: Redefining color shadecolor on input line 851.
 [13]
Package color Info: Redefining color shadecolor on input line 891.
Package color Info: Redefining color shadecolor on input line 902.
<Sweave-Files/Sw_unnamed-chunk-21-1.pdf, id=253, 505.89pt x 505.89pt>
File: Sweave-Files/Sw_unnamed-chunk-21-1.pdf Graphic file (type pdf)
<use Sweave-Files/Sw_unnamed-chunk-21-1.pdf>
Package pdftex.def Info: Sweave-Files/Sw_unnamed-chunk-21-1.pdf  used on input 
line 903.
(pdftex.def)             Requested size: 505.88875pt x 505.89645pt.
Package color Info: Redefining color shadecolor on input line 914.
Package color Info: Redefining color shadecolor on input line 925.


! LaTeX Error: Something's wrong--perhaps a missing \item.

See the LaTeX manual or LaTeX Companion for explanation.
Type  H <return>  for immediate help.
 ...                                              
                                                  
l.928 ...ing values (geom\_segment).}}\end{kframe}
                                                  
Try typing  <return>  to proceed.
If that doesn't work, type  X <return>  to quit.

<Sweave-Files/Sw_unnamed-chunk-23-1.pdf, id=254, 505.89pt x 505.89pt>
File: Sweave-Files/Sw_unnamed-chunk-23-1.pdf Graphic file (type pdf)
<use Sweave-Files/Sw_unnamed-chunk-23-1.pdf>
Package pdftex.def Info: Sweave-Files/Sw_unnamed-chunk-23-1.pdf  used on input 
line 929.
(pdftex.def)             Requested size: 505.88875pt x 505.89645pt.
Package color Info: Redefining color shadecolor on input line 950.
Package color Info: Redefining color shadecolor on input line 960.
Package color Info: Redefining color shadecolor on input line 970.
Package color Info: Redefining color shadecolor on input line 979.
Package color Info: Redefining color shadecolor on input line 1005.
[14] [15 <./Sweave-Files/Sw_unnamed-chunk-21-1.pdf>] [16 <./Sweave-Files/Sw_unn
amed-chunk-23-1.pdf>]
Package color Info: Redefining color shadecolor on input line 1035.
 [17]
Package color Info: Redefining color shadecolor on input line 1118.
 [18] [19]
Package color Info: Redefining color shadecolor on input line 1216.

Overfull \hbox (7.47348pt too wide) in paragraph at lines 1225--1226
[]\T1/cmtt/m/n/9 ## Warning: ex :  4  participant(s) have been excluded from gr
oup 2 due to exceedingly missing data; id(s) =
 []


Overfull \hbox (7.47348pt too wide) in paragraph at lines 1227--1228
[]\T1/cmtt/m/n/9 ## Warning: ex :  3  participant(s) have been excluded from gr
oup 5 due to exceedingly missing data; id(s) =
 []


Overfull \hbox (7.47348pt too wide) in paragraph at lines 1229--1230
[]\T1/cmtt/m/n/9 ## Warning: ex :  4  participant(s) have been excluded from gr
oup 6 due to exceedingly missing data; id(s) =
 []


Overfull \hbox (7.47348pt too wide) in paragraph at lines 1231--1232
[]\T1/cmtt/m/n/9 ## Warning: ex :  1  participant(s) have been excluded from gr
oup 8 due to exceedingly missing data; id(s) =
 []


Overfull \hbox (7.47348pt too wide) in paragraph at lines 1233--1234
[]\T1/cmtt/m/n/9 ## Warning: ex :  1  participant(s) have been excluded from gr
oup 9 due to exceedingly missing data; id(s) =
 []


Overfull \hbox (2.74963pt too wide) in paragraph at lines 1235--1236
[]\T1/cmtt/m/n/9 ## Warning: ex :  1  participant(s) have been excluded from gr
oup 12 due to exceedingly missing data; id(s)
 []


Overfull \hbox (2.74963pt too wide) in paragraph at lines 1237--1238
[]\T1/cmtt/m/n/9 ## Warning: ex :  6  participant(s) have been excluded from gr
oup 14 due to exceedingly missing data; id(s)
 []


Overfull \hbox (2.74963pt too wide) in paragraph at lines 1239--1240
[]\T1/cmtt/m/n/9 ## Warning: ex :  4  participant(s) have been excluded from gr
oup 18 due to exceedingly missing data; id(s)
 []


Overfull \hbox (2.74963pt too wide) in paragraph at lines 1241--1241
[]\T1/cmtt/m/n/9 ## Warning: ex :  4  participant(s) have been excluded from gr
oup 20 due to exceedingly missing data; id(s)
 []

[20]
Package color Info: Redefining color shadecolor on input line 1271.

Overfull \hbox (7.47348pt too wide) in paragraph at lines 1282--1282
[]\T1/cmtt/m/n/9 ## Warning: ex :  4  participant(s) have been excluded from gr
oup 2 due to exceedingly missing data; id(s) =
 []


Overfull \hbox (7.47348pt too wide) in paragraph at lines 1300--1301
[]\T1/cmtt/m/n/9 ## Warning: ex :  4  participant(s) have been excluded from gr
oup 2 due to exceedingly missing data; id(s) =
 []


Overfull \hbox (7.47348pt too wide) in paragraph at lines 1302--1303
[]\T1/cmtt/m/n/9 ## Warning: ex :  3  participant(s) have been excluded from gr
oup 5 due to exceedingly missing data; id(s) =
 []


Overfull \hbox (7.47348pt too wide) in paragraph at lines 1304--1305
[]\T1/cmtt/m/n/9 ## Warning: ex :  4  participant(s) have been excluded from gr
oup 6 due to exceedingly missing data; id(s) =
 []


Overfull \hbox (7.47348pt too wide) in paragraph at lines 1306--1307
[]\T1/cmtt/m/n/9 ## Warning: ex :  1  participant(s) have been excluded from gr
oup 8 due to exceedingly missing data; id(s) =
 []


Overfull \hbox (7.47348pt too wide) in paragraph at lines 1308--1309
[]\T1/cmtt/m/n/9 ## Warning: ex :  1  participant(s) have been excluded from gr
oup 9 due to exceedingly missing data; id(s) =
 []


Overfull \hbox (2.74963pt too wide) in paragraph at lines 1310--1311
[]\T1/cmtt/m/n/9 ## Warning: ex :  1  participant(s) have been excluded from gr
oup 12 due to exceedingly missing data; id(s)
 []


Overfull \hbox (2.74963pt too wide) in paragraph at lines 1312--1313
[]\T1/cmtt/m/n/9 ## Warning: ex :  6  participant(s) have been excluded from gr
oup 14 due to exceedingly missing data; id(s)
 []


Overfull \hbox (2.74963pt too wide) in paragraph at lines 1314--1315
[]\T1/cmtt/m/n/9 ## Warning: ex :  4  participant(s) have been excluded from gr
oup 18 due to exceedingly missing data; id(s)
 []


Overfull \hbox (2.74963pt too wide) in paragraph at lines 1316--1316
[]\T1/cmtt/m/n/9 ## Warning: ex :  4  participant(s) have been excluded from gr
oup 20 due to exceedingly missing data; id(s)
 []

[21]
Package color Info: Redefining color shadecolor on input line 1351.

Overfull \hbox (7.47348pt too wide) in paragraph at lines 1375--1376
[]\T1/cmtt/m/n/9 ## Warning: ex :  4  participant(s) have been excluded from gr
oup 2 due to exceedingly missing data; id(s) =
 []


Overfull \hbox (7.47348pt too wide) in paragraph at lines 1377--1378
[]\T1/cmtt/m/n/9 ## Warning: ex :  3  participant(s) have been excluded from gr
oup 5 due to exceedingly missing data; id(s) =
 []


Overfull \hbox (7.47348pt too wide) in paragraph at lines 1379--1380
[]\T1/cmtt/m/n/9 ## Warning: ex :  4  participant(s) have been excluded from gr
oup 6 due to exceedingly missing data; id(s) =
 []


Overfull \hbox (7.47348pt too wide) in paragraph at lines 1381--1382
[]\T1/cmtt/m/n/9 ## Warning: ex :  1  participant(s) have been excluded from gr
oup 8 due to exceedingly missing data; id(s) =
 []


Overfull \hbox (7.47348pt too wide) in paragraph at lines 1383--1384
[]\T1/cmtt/m/n/9 ## Warning: ex :  1  participant(s) have been excluded from gr
oup 9 due to exceedingly missing data; id(s) =
 []


Overfull \hbox (2.74963pt too wide) in paragraph at lines 1385--1386
[]\T1/cmtt/m/n/9 ## Warning: ex :  1  participant(s) have been excluded from gr
oup 12 due to exceedingly missing data; id(s)
 []


Overfull \hbox (2.74963pt too wide) in paragraph at lines 1387--1388
[]\T1/cmtt/m/n/9 ## Warning: ex :  6  participant(s) have been excluded from gr
oup 14 due to exceedingly missing data; id(s)
 []


Overfull \hbox (2.74963pt too wide) in paragraph at lines 1389--1390
[]\T1/cmtt/m/n/9 ## Warning: ex :  4  participant(s) have been excluded from gr
oup 18 due to exceedingly missing data; id(s)
 []


Overfull \hbox (2.74963pt too wide) in paragraph at lines 1391--1391
[]\T1/cmtt/m/n/9 ## Warning: ex :  4  participant(s) have been excluded from gr
oup 20 due to exceedingly missing data; id(s)
 []

[22]
Package color Info: Redefining color shadecolor on input line 1423.
Package color Info: Redefining color shadecolor on input line 1476.
 [23]
Package color Info: Redefining color shadecolor on input line 1507.
Package color Info: Redefining color shadecolor on input line 1551.
Package color Info: Redefining color shadecolor on input line 1585.
 [24]
Package color Info: Redefining color shadecolor on input line 1602.
Package color Info: Redefining color shadecolor on input line 1627.
 [25] (./TripleR-knitr.bbl

! LaTeX Error: Environment APACrefauthors undefined.

See the LaTeX manual or LaTeX Companion for explanation.
Type  H <return>  for immediate help.
 ...                                              
                                                  
l.23 \begin{APACrefauthors}
                           %
Your command was ignored.
Type  I <command> <return>  to replace it with another command,
or  <return>  to continue without it.


! LaTeX Error: \begin{thebibliography} on input line 1 ended by \end{APACrefaut
hors}.

See the LaTeX manual or LaTeX Companion for explanation.
Type  H <return>  for immediate help.
 ...                                              
                                                  
l.33 \end{APACrefauthors}
                         %
Your command was ignored.
Type  I <command> <return>  to replace it with another command,
or  <return>  to continue without it.


! LaTeX Error: Environment APACrefauthors undefined.

See the LaTeX manual or LaTeX Companion for explanation.
Type  H <return>  for immediate help.
 ...                                              
                                                  
l.65 \begin{APACrefauthors}
                           %
Your command was ignored.
Type  I <command> <return>  to replace it with another command,
or  <return>  to continue without it.


! LaTeX Error: \begin{thebibliography} on input line 1 ended by \end{APACrefaut
hors}.

See the LaTeX manual or LaTeX Companion for explanation.
Type  H <return>  for immediate help.
 ...                                              
                                                  
l.72 \end{APACrefauthors}
                         %
Your command was ignored.
Type  I <command> <return>  to replace it with another command,
or  <return>  to continue without it.


! LaTeX Error: Environment APACrefauthors undefined.

See the LaTeX manual or LaTeX Companion for explanation.
Type  H <return>  for immediate help.
 ...                                              
                                                  
l.99 \begin{APACrefauthors}
                           %
Your command was ignored.
Type  I <command> <return>  to replace it with another command,
or  <return>  to continue without it.


! LaTeX Error: \begin{thebibliography} on input line 1 ended by \end{APACrefaut
hors}.

See the LaTeX manual or LaTeX Companion for explanation.
Type  H <return>  for immediate help.
 ...                                              
                                                  
l.103 \end{APACrefauthors}
                          %
Your command was ignored.
Type  I <command> <return>  to replace it with another command,
or  <return>  to continue without it.


! LaTeX Error: Environment APACrefauthors undefined.

See the LaTeX manual or LaTeX Companion for explanation.
Type  H <return>  for immediate help.
 ...                                              
                                                  
l.134 \begin{APACrefauthors}
                            %
Your command was ignored.
Type  I <command> <return>  to replace it with another command,
or  <return>  to continue without it.


! LaTeX Error: \begin{thebibliography} on input line 1 ended by \end{APACrefaut
hors}.

See the LaTeX manual or LaTeX Companion for explanation.
Type  H <return>  for immediate help.
 ...                                              
                                                  
l.144 \end{APACrefauthors}
                          %
Your command was ignored.
Type  I <command> <return>  to replace it with another command,
or  <return>  to continue without it.


! LaTeX Error: Environment APACrefauthors undefined.

See the LaTeX manual or LaTeX Companion for explanation.
Type  H <return>  for immediate help.
 ...                                              
                                                  
l.174 \begin{APACrefauthors}
                            %
Your command was ignored.
Type  I <command> <return>  to replace it with another command,
or  <return>  to continue without it.


! LaTeX Error: \begin{thebibliography} on input line 1 ended by \end{APACrefaut
hors}.

See the LaTeX manual or LaTeX Companion for explanation.
Type  H <return>  for immediate help.
 ...                                              
                                                  
l.181 \end{APACrefauthors}
                          %
Your command was ignored.
Type  I <command> <return>  to replace it with another command,
or  <return>  to continue without it.


! LaTeX Error: Environment APACrefauthors undefined.

See the LaTeX manual or LaTeX Companion for explanation.
Type  H <return>  for immediate help.
 ...                                              
                                                  
l.215 \begin{APACrefauthors}
                            %
Your command was ignored.
Type  I <command> <return>  to replace it with another command,
or  <return>  to continue without it.


! LaTeX Error: \begin{thebibliography} on input line 1 ended by \end{APACrefaut
hors}.

See the LaTeX manual or LaTeX Companion for explanation.
Type  H <return>  for immediate help.
 ...                                              
                                                  
l.225 \end{APACrefauthors}
                          %
Your command was ignored.
Type  I <command> <return>  to replace it with another command,
or  <return>  to continue without it.


! LaTeX Error: Environment APACrefauthors undefined.

See the LaTeX manual or LaTeX Companion for explanation.
Type  H <return>  for immediate help.
 ...                                              
                                                  
l.256 \begin{APACrefauthors}
                            %
Your command was ignored.
Type  I <command> <return>  to replace it with another command,
or  <return>  to continue without it.


! LaTeX Error: \begin{thebibliography} on input line 1 ended by \end{APACrefaut
hors}.

See the LaTeX manual or LaTeX Companion for explanation.
Type  H <return>  for immediate help.
 ...                                              
                                                  
l.263 \end{APACrefauthors}
                          %
Your command was ignored.
Type  I <command> <return>  to replace it with another command,
or  <return>  to continue without it.


! LaTeX Error: Environment APACrefauthors undefined.

See the LaTeX manual or LaTeX Companion for explanation.
Type  H <return>  for immediate help.
 ...                                              
                                                  
l.294 \begin{APACrefauthors}
                            %
Your command was ignored.
Type  I <command> <return>  to replace it with another command,
or  <return>  to continue without it.


! LaTeX Error: \begin{thebibliography} on input line 1 ended by \end{APACrefaut
hors}.

See the LaTeX manual or LaTeX Companion for explanation.
Type  H <return>  for immediate help.
 ...                                              
                                                  
l.304 \end{APACrefauthors}
                          %
Your command was ignored.
Type  I <command> <return>  to replace it with another command,
or  <return>  to continue without it.


! LaTeX Error: Environment APACrefDOI undefined.

See the LaTeX manual or LaTeX Companion for explanation.
Type  H <return>  for immediate help.
 ...                                              
                                                  
l.315 \begin{APACrefDOI}
                         \doi{10.3758/s13428-011-0150-4} \end{APACrefDOI}
Your command was ignored.
Type  I <command> <return>  to replace it with another command,
or  <return>  to continue without it.

! Undefined control sequence.
l.315 \begin{APACrefDOI} \doi
                             {10.3758/s13428-011-0150-4} \end{APACrefDOI}
The control sequence at the end of the top line
of your error message was never \def'ed. If you have
misspelled it (e.g., `\hobx'), type `I' and the correct
spelling (e.g., `I\hbox'). Otherwise just continue,
and I'll forget about whatever was undefined.


! LaTeX Error: \begin{thebibliography} on input line 1 ended by \end{APACrefDOI
}.

See the LaTeX manual or LaTeX Companion for explanation.
Type  H <return>  for immediate help.
 ...                                              
                                                  
l.315 ....3758/s13428-011-0150-4} \end{APACrefDOI}
                                                  
Your command was ignored.
Type  I <command> <return>  to replace it with another command,
or  <return>  to continue without it.

) [26] (./TripleR-knitr.aux)
Package rerunfilecheck Info: File `TripleR-knitr.out' has not changed.
(rerunfilecheck)             Checksum: 81B25F2FE8740213A2BECCBAB81433C2;7412.
 ) 
Here is how much of TeX's memory you used:
 11038 strings out of 478276
 177615 string characters out of 5844001
 525434 words of memory out of 5000000
 29001 multiletter control sequences out of 15000+600000
 484681 words of font info for 59 fonts, out of 8000000 for 9000
 1141 hyphenation exceptions out of 8191
 60i,11n,63p,1085b,428s stack positions out of 5000i,500n,10000p,200000b,80000s
{/Users/felix/Library/TinyTeX/texmf-dist/fonts/enc/dvips/cm-super/cm-super-ts
1.enc}{/Users/felix/Library/TinyTeX/texmf-dist/fonts/enc/dvips/cm-super/cm-supe
r-t1.enc}</Users/felix/Library/TinyTeX/texmf-dist/fonts/type1/public/amsfonts/c
m/cmmi10.pfb></Users/felix/Library/TinyTeX/texmf-dist/fonts/type1/public/amsfon
ts/cm/cmmi5.pfb></Users/felix/Library/TinyTeX/texmf-dist/fonts/type1/public/ams
fonts/cm/cmmi7.pfb></Users/felix/Library/TinyTeX/texmf-dist/fonts/type1/public/
amsfonts/cm/cmr10.pfb></Users/felix/Library/TinyTeX/texmf-dist/fonts/type1/publ
ic/amsfonts/cm/cmr7.pfb></Users/felix/Library/TinyTeX/texmf-dist/fonts/type1/pu
blic/amsfonts/cm/cmsy10.pfb></Users/felix/Library/TinyTeX/texmf-dist/fonts/type
1/public/amsfonts/cm/cmsy7.pfb></Users/felix/Library/TinyTeX/texmf-dist/fonts/t
ype1/public/cm-super/sfbx1000.pfb></Users/felix/Library/TinyTeX/texmf-dist/font
s/type1/public/cm-super/sfbx1200.pfb></Users/felix/Library/TinyTeX/texmf-dist/f
onts/type1/public/cm-super/sfbx1440.pfb></Users/felix/Library/TinyTeX/texmf-dis
t/fonts/type1/public/cm-super/sfit0900.pfb></Users/felix/Library/TinyTeX/texmf-
dist/fonts/type1/public/cm-super/sfrm0600.pfb></Users/felix/Library/TinyTeX/tex
mf-dist/fonts/type1/public/cm-super/sfrm0700.pfb></Users/felix/Library/TinyTeX/
texmf-dist/fonts/type1/public/cm-super/sfrm0800.pfb></Users/felix/Library/TinyT
eX/texmf-dist/fonts/type1/public/cm-super/sfrm1000.pfb></Users/felix/Library/Ti
nyTeX/texmf-dist/fonts/type1/public/cm-super/sfrm1200.pfb></Users/felix/Library
/TinyTeX/texmf-dist/fonts/type1/public/cm-super/sfrm1728.pfb></Users/felix/Libr
ary/TinyTeX/texmf-dist/fonts/type1/public/cm-super/sfti0800.pfb></Users/felix/L
ibrary/TinyTeX/texmf-dist/fonts/type1/public/cm-super/sfti1000.pfb></Users/feli
x/Library/TinyTeX/texmf-dist/fonts/type1/public/cm-super/sftt0800.pfb></Users/f
elix/Library/TinyTeX/texmf-dist/fonts/type1/public/cm-super/sftt0900.pfb></User
s/felix/Library/TinyTeX/texmf-dist/fonts/type1/public/cm-super/sftt1000.pfb>
Output written on TripleR-knitr.pdf (26 pages, 792426 bytes).
PDF statistics:
 468 PDF objects out of 1000 (max. 8388607)
 381 compressed objects within 4 object streams
 73 named destinations out of 1000 (max. 500000)
 216 words of extra memory for PDF output out of 10000 (max. 10000000)

